# JRE version: Java(TM) SE Runtime Environment (8.0_151-b12) (build 1.8.0_151-b12)
# Java VM: Java HotSpot(TM) 64-Bit Server VM (25.151-b12 mixed mode windows-amd64 compressed oops)
Heap:
 PSYoungGen      total 1559040K, used 973399K [0x0000000740b80000, 0x00000007c0000000, 0x00000007c0000000)
  eden space 1235456K, 78% used [0x0000000740b80000,0x000000077c215cb8,0x000000078c200000)
  from space 323584K, 0% used [0x00000007ac400000,0x00000007ac400000,0x00000007c0000000)
  to   space 424960K, 0% used [0x000000078c200000,0x000000078c200000,0x00000007a6100000)
 ParOldGen       total 3823104K, used 3821863K [0x0000000642200000, 0x000000072b780000, 0x0000000740b80000)
  object space 3823104K, 99% used [0x0000000642200000,0x000000072b649cc8,0x000000072b780000)
 Metaspace       used 72614K, capacity 73040K, committed 73944K, reserved 1112064K
  class space    used 10491K, capacity 10594K, committed 10752K, reserved 1048576K
GC Heap History (10 events):
Event: 55.257 GC heap before
{Heap before GC invocations=183 (full 161):
 PSYoungGen      total 1559040K, used 1234299K [0x0000000740b80000, 0x00000007c0000000, 0x00000007c0000000)
  eden space 1235456K, 99% used [0x0000000740b80000,0x000000078c0deca8,0x000000078c200000)
  from space 323584K, 0% used [0x00000007ac400000,0x00000007ac400000,0x00000007c0000000)
  to   space 424960K, 0% used [0x000000078c200000,0x000000078c200000,0x00000007a6100000)
 ParOldGen       total 3823104K, used 3822894K [0x0000000642200000, 0x000000072b780000, 0x0000000740b80000)
  object space 3823104K, 99% used [0x0000000642200000,0x000000072b74bb98,0x000000072b780000)
 Metaspace       used 72693K, capacity 73328K, committed 73688K, reserved 1112064K
  class space    used 10499K, capacity 10646K, committed 10752K, reserved 1048576K
Event: 56.059 GC heap after
Heap after GC invocations=183 (full 161):
 PSYoungGen      total 1559040K, used 1232952K [0x0000000740b80000, 0x00000007c0000000, 0x00000007c0000000)
  eden space 1235456K, 99% used [0x0000000740b80000,0x000000078bf8e020,0x000000078c200000)
  from space 323584K, 0% used [0x00000007ac400000,0x00000007ac400000,0x00000007c0000000)
  to   space 424960K, 0% used [0x000000078c200000,0x000000078c200000,0x00000007a6100000)
 ParOldGen       total 3823104K, used 3822219K [0x0000000642200000, 0x000000072b780000, 0x0000000740b80000)
  object space 3823104K, 99% used [0x0000000642200000,0x000000072b6a2c70,0x000000072b780000)
 Metaspace       used 72213K, capacity 72548K, committed 73688K, reserved 1112064K
  class space    used 10425K, capacity 10512K, committed 10752K, reserved 1048576K
}
Event: 56.059 GC heap before
{Heap before GC invocations=184 (full 162):
 PSYoungGen      total 1559040K, used 1234860K [0x0000000740b80000, 0x00000007c0000000, 0x00000007c0000000)
  eden space 1235456K, 99% used [0x0000000740b80000,0x000000078c16b108,0x000000078c200000)
  from space 323584K, 0% used [0x00000007ac400000,0x00000007ac400000,0x00000007c0000000)
  to   space 424960K, 0% used [0x000000078c200000,0x000000078c200000,0x00000007a6100000)
 ParOldGen       total 3823104K, used 3822219K [0x0000000642200000, 0x000000072b780000, 0x0000000740b80000)
  object space 3823104K, 99% used [0x0000000642200000,0x000000072b6a2c70,0x000000072b780000)
 Metaspace       used 72213K, capacity 72548K, committed 73688K, reserved 1112064K
  class space    used 10425K, capacity 10512K, committed 10752K, reserved 1048576K
Event: 56.162 GC heap after
Heap after GC invocations=184 (full 162):
 PSYoungGen      total 1559040K, used 1231892K [0x0000000740b80000, 0x00000007c0000000, 0x00000007c0000000)
  eden space 1235456K, 99% used [0x0000000740b80000,0x000000078be852d8,0x000000078c200000)
  from space 323584K, 0% used [0x00000007ac400000,0x00000007ac400000,0x00000007c0000000)
  to   space 424960K, 0% used [0x000000078c200000,0x000000078c200000,0x00000007a6100000)
 ParOldGen       total 3823104K, used 3822219K [0x0000000642200000, 0x000000072b780000, 0x0000000740b80000)
  object space 3823104K, 99% used [0x0000000642200000,0x000000072b6a2c70,0x000000072b780000)
 Metaspace       used 72213K, capacity 72548K, committed 73688K, reserved 1112064K
  class space    used 10425K, capacity 10512K, committed 10752K, reserved 1048576K
}
Event: 56.163 GC heap before
{Heap before GC invocations=185 (full 163):
 PSYoungGen      total 1559040K, used 1235062K [0x0000000740b80000, 0x00000007c0000000, 0x00000007c0000000)
  eden space 1235456K, 99% used [0x0000000740b80000,0x000000078c19d878,0x000000078c200000)
  from space 323584K, 0% used [0x00000007ac400000,0x00000007ac400000,0x00000007c0000000)
  to   space 424960K, 0% used [0x000000078c200000,0x000000078c200000,0x00000007a6100000)
 ParOldGen       total 3823104K, used 3822219K [0x0000000642200000, 0x000000072b780000, 0x0000000740b80000)
  object space 3823104K, 99% used [0x0000000642200000,0x000000072b6a2c70,0x000000072b780000)
 Metaspace       used 72213K, capacity 72548K, committed 73688K, reserved 1112064K
  class space    used 10425K, capacity 10512K, committed 10752K, reserved 1048576K
Event: 56.257 GC heap after
Heap after GC invocations=185 (full 163):
 PSYoungGen      total 1559040K, used 1234872K [0x0000000740b80000, 0x00000007c0000000, 0x00000007c0000000)
  eden space 1235456K, 99% used [0x0000000740b80000,0x000000078c16e130,0x000000078c200000)
  from space 323584K, 0% used [0x00000007ac400000,0x00000007ac400000,0x00000007c0000000)
  to   space 424960K, 0% used [0x000000078c200000,0x000000078c200000,0x00000007a6100000)
 ParOldGen       total 3823104K, used 3822219K [0x0000000642200000, 0x000000072b780000, 0x0000000740b80000)
  object space 3823104K, 99% used [0x0000000642200000,0x000000072b6a2c70,0x000000072b780000)
 Metaspace       used 72213K, capacity 72548K, committed 73688K, reserved 1112064K
  class space    used 10425K, capacity 10512K, committed 10752K, reserved 1048576K
}
Event: 56.258 GC heap before
{Heap before GC invocations=186 (full 164):
 PSYoungGen      total 1559040K, used 1234872K [0x0000000740b80000, 0x00000007c0000000, 0x00000007c0000000)
  eden space 1235456K, 99% used [0x0000000740b80000,0x000000078c16e130,0x000000078c200000)
  from space 323584K, 0% used [0x00000007ac400000,0x00000007ac400000,0x00000007c0000000)
  to   space 424960K, 0% used [0x000000078c200000,0x000000078c200000,0x00000007a6100000)
 ParOldGen       total 3823104K, used 3822219K [0x0000000642200000, 0x000000072b780000, 0x0000000740b80000)
  object space 3823104K, 99% used [0x0000000642200000,0x000000072b6a2c70,0x000000072b780000)
 Metaspace       used 72213K, capacity 72548K, committed 73688K, reserved 1112064K
  class space    used 10425K, capacity 10512K, committed 10752K, reserved 1048576K
Event: 56.353 GC heap after
Heap after GC invocations=186 (full 164):
 PSYoungGen      total 1559040K, used 1234872K [0x0000000740b80000, 0x00000007c0000000, 0x00000007c0000000)
  eden space 1235456K, 99% used [0x0000000740b80000,0x000000078c16e130,0x000000078c200000)
  from space 323584K, 0% used [0x00000007ac400000,0x00000007ac400000,0x00000007c0000000)
  to   space 424960K, 0% used [0x000000078c200000,0x000000078c200000,0x00000007a6100000)
 ParOldGen       total 3823104K, used 3822219K [0x0000000642200000, 0x000000072b780000, 0x0000000740b80000)
  object space 3823104K, 99% used [0x0000000642200000,0x000000072b6a2c70,0x000000072b780000)
 Metaspace       used 72213K, capacity 72548K, committed 73688K, reserved 1112064K
  class space    used 10425K, capacity 10512K, committed 10752K, reserved 1048576K
}
Event: 56.354 GC heap before
{Heap before GC invocations=187 (full 165):
 PSYoungGen      total 1559040K, used 1235001K [0x0000000740b80000, 0x00000007c0000000, 0x00000007c0000000)
  eden space 1235456K, 99% used [0x0000000740b80000,0x000000078c18e6a0,0x000000078c200000)
  from space 323584K, 0% used [0x00000007ac400000,0x00000007ac400000,0x00000007c0000000)
  to   space 424960K, 0% used [0x000000078c200000,0x000000078c200000,0x00000007a6100000)
 ParOldGen       total 3823104K, used 3822219K [0x0000000642200000, 0x000000072b780000, 0x0000000740b80000)
  object space 3823104K, 99% used [0x0000000642200000,0x000000072b6a2c70,0x000000072b780000)
 Metaspace       used 72213K, capacity 72548K, committed 73688K, reserved 1112064K
  class space    used 10425K, capacity 10512K, committed 10752K, reserved 1048576K
Event: 56.861 GC heap after
Heap after GC invocations=187 (full 165):
 PSYoungGen      total 1559040K, used 7594K [0x0000000740b80000, 0x00000007c0000000, 0x00000007c0000000)
  eden space 1235456K, 0% used [0x0000000740b80000,0x00000007412ea9c0,0x000000078c200000)
  from space 323584K, 0% used [0x00000007ac400000,0x00000007ac400000,0x00000007c0000000)
  to   space 424960K, 0% used [0x000000078c200000,0x000000078c200000,0x00000007a6100000)
 ParOldGen       total 3823104K, used 3821863K [0x0000000642200000, 0x000000072b780000, 0x0000000740b80000)
  object space 3823104K, 99% used [0x0000000642200000,0x000000072b649cc8,0x000000072b780000)
 Metaspace       used 72213K, capacity 72548K, committed 73688K, reserved 1112064K
  class space    used 10425K, capacity 10512K, committed 10752K, reserved 1048576K
}

